<?xml version="1.0" encoding="UTF-8"?>
<!-- Generated by org.testng.reporters.JUnitXMLReporter -->
<testsuite ignored="0" hostname="Sumair" failures="0" tests="4" name="Default test" time="33.678" errors="0" timestamp="2025-09-28T19:57:41 IST">
  <testcase classname="com.imejob.tests.navigation.HomePageNavigationTest" name="CreateAccountNavTest" time="1.683"/>
  <testcase classname="com.imejob.tests.navigation.HomePageNavigationTest" name="clickWhatsAppIconTest" time="2.847"/>
  <testcase classname="com.imejob.tests.navigation.HomePageNavigationTest" name="ViewAllJobNavTest" time="1.795"/>
  <testcase classname="com.imejob.tests.navigation.HomePageNavigationTest" name="bookDemoNavTest" time="0.196"/>
</testsuite> <!-- Default test -->
