<?xml version="1.0" encoding="UTF-8"?>
<!-- Generated by org.testng.reporters.JUnitXMLReporter -->
<testsuite ignored="0" hostname="Sumair" failures="0" tests="9" name="Default test" time="36.202" errors="0" timestamp="2025-09-05T17:24:28 IST">
  <testcase classname="com.imejob.tests.navigation.HeaderNavigationTest2" name="verifyHeaderNavigation" time="0.29"/>
  <testcase classname="com.imejob.tests.navigation.HeaderNavigationTest2" name="verifyHeaderNavigation" time="0.718"/>
  <testcase classname="com.imejob.tests.navigation.HeaderNavigationTest2" name="verifyHeaderNavigation" time="0.318"/>
  <testcase classname="com.imejob.tests.navigation.HeaderNavigationTest2" name="verifyHeaderNavigation" time="0.244"/>
  <testcase classname="com.imejob.tests.navigation.HeaderNavigationTest2" name="verifyHeaderNavigation" time="0.26"/>
  <testcase classname="com.imejob.tests.navigation.HeaderNavigationTest2" name="verifyHeaderNavigation" time="2.251"/>
  <testcase classname="com.imejob.tests.navigation.HeaderNavigationTest2" name="verifyHeaderNavigation" time="2.265"/>
  <testcase classname="com.imejob.tests.navigation.HeaderNavigationTest2" name="verifyHeaderNavigation" time="2.251"/>
  <testcase classname="com.imejob.tests.navigation.HeaderNavigationTest2" name="verifyHeaderNavigation" time="2.296"/>
</testsuite> <!-- Default test -->
