<?xml version="1.0" encoding="UTF-8"?>
<!-- Generated by org.testng.reporters.JUnitXMLReporter -->
<testsuite ignored="0" hostname="Sumair" failures="5" tests="60" name="Test" time="214.678" errors="0" timestamp="2025-10-21T14:23:35 IST">
  <testcase classname="com.imejob.tests.navigation.FooterNavigationTest" name="testFresherTestingQAJobsLink" time="2.285"/>
  <testcase classname="com.imejob.tests.navigation.FooterNavigationTest" name="testFresherJavaJobsLink" time="0.939"/>
  <testcase classname="com.imejob.tests.navigation.FooterNavigationTest" name="testFresherDataAnalystJobsLink" time="1.061"/>
  <testcase classname="com.imejob.tests.navigation.FooterNavigationTest" name="testHireBestDevelopersLink" time="0.969"/>
  <testcase classname="com.imejob.tests.navigation.FooterNavigationTest" name="testPricingLink" time="0.487"/>
  <testcase classname="com.imejob.tests.navigation.FooterNavigationTest" name="testLinkedinLink" time="1.368"/>
  <testcase classname="com.imejob.tests.navigation.FooterNavigationTest" name="testHiringServicesLink" time="1.13"/>
  <testcase classname="com.imejob.tests.navigation.FooterNavigationTest" name="testAboutUsLink" time="1.056"/>
  <testcase classname="com.imejob.tests.navigation.FooterNavigationTest" name="testImeJobCVAnalysisLink" time="1.323"/>
  <testcase classname="com.imejob.tests.navigation.FooterNavigationTest" name="testBookDemoLink" time="1.523"/>
  <testcase classname="com.imejob.tests.navigation.FooterNavigationTest" name="testTermsAndConditionLink" time="0.789"/>
  <testcase classname="com.imejob.tests.navigation.FooterNavigationTest" name="testHireSoftwareDevelopersLink" time="0.248">
    <failure type="java.lang.RuntimeException" message="No new window found to switch!">
      <![CDATA[java.lang.RuntimeException: No new window found to switch!
at utility.WindowUtils.switchToNewWindow(WindowUtils.java:20)
at helper.TestUtils.verifyFooterLink(TestUtils.java:30)
at com.imejob.tests.navigation.FooterNavigationTest.testHireSoftwareDevelopersLink(FooterNavigationTest.java:120)
at java.base/java.util.ArrayList.forEach(ArrayList.java:1596)
... Removed 25 stack frames]]>
    </failure>
  </testcase> <!-- testHireSoftwareDevelopersLink -->
  <testcase classname="com.imejob.tests.navigation.FooterNavigationTest" name="testJobPostingPortalsLink" time="0.242">
    <failure type="java.lang.RuntimeException" message="No new window found to switch!">
      <![CDATA[java.lang.RuntimeException: No new window found to switch!
at utility.WindowUtils.switchToNewWindow(WindowUtils.java:20)
at helper.TestUtils.verifyFooterLink(TestUtils.java:30)
at com.imejob.tests.navigation.FooterNavigationTest.testJobPostingPortalsLink(FooterNavigationTest.java:127)
at java.base/java.util.ArrayList.forEach(ArrayList.java:1596)
... Removed 25 stack frames]]>
    </failure>
  </testcase> <!-- testJobPostingPortalsLink -->
  <testcase classname="com.imejob.tests.navigation.FooterNavigationTest" name="testRecruitFromSocialMediaLink" time="1.106"/>
  <testcase classname="com.imejob.tests.navigation.FooterNavigationTest" name="testBestITJobPortalLink" time="1.072"/>
  <testcase classname="com.imejob.tests.navigation.FooterNavigationTest" name="testPythonJobsMumbaiLink" time="1.208"/>
  <testcase classname="com.imejob.tests.navigation.FooterNavigationTest" name="testFresherJobsLink" time="1.265"/>
  <testcase classname="com.imejob.tests.navigation.FooterNavigationTest" name="testReactJsJobsBangaloreLink" time="0.248">
    <failure type="java.lang.RuntimeException" message="No new window found to switch!">
      <![CDATA[java.lang.RuntimeException: No new window found to switch!
at utility.WindowUtils.switchToNewWindow(WindowUtils.java:20)
at helper.TestUtils.verifyFooterLink(TestUtils.java:30)
at com.imejob.tests.navigation.FooterNavigationTest.testReactJsJobsBangaloreLink(FooterNavigationTest.java:162)
at java.base/java.util.ArrayList.forEach(ArrayList.java:1596)
... Removed 25 stack frames]]>
    </failure>
  </testcase> <!-- testReactJsJobsBangaloreLink -->
  <testcase classname="com.imejob.tests.navigation.FooterNavigationTest" name="testPythonJobsBangaloreLink" time="0.273">
    <failure type="java.lang.RuntimeException" message="No new window found to switch!">
      <![CDATA[java.lang.RuntimeException: No new window found to switch!
at utility.WindowUtils.switchToNewWindow(WindowUtils.java:20)
at helper.TestUtils.verifyFooterLink(TestUtils.java:30)
at com.imejob.tests.navigation.FooterNavigationTest.testPythonJobsBangaloreLink(FooterNavigationTest.java:169)
at java.base/java.util.ArrayList.forEach(ArrayList.java:1596)
... Removed 25 stack frames]]>
    </failure>
  </testcase> <!-- testPythonJobsBangaloreLink -->
  <testcase classname="com.imejob.tests.navigation.FooterNavigationTest" name="testJavaJobsBangaloreLink" time="1.326"/>
  <testcase classname="com.imejob.tests.navigation.FooterNavigationTest" name="testAboutLink" time="1.206"/>
  <testcase classname="com.imejob.tests.navigation.FooterNavigationTest" name="testSitemapLink" time="1.631"/>
  <testcase classname="com.imejob.tests.navigation.FooterNavigationTest" name="testContactLink" time="0.191"/>
  <testcase classname="com.imejob.tests.navigation.FooterNavigationTest" name="testTermsLink" time="0.215"/>
  <testcase classname="com.imejob.tests.navigation.HeaderNavigationTest" name="brandLogo" time="0.348"/>
  <testcase classname="com.imejob.tests.navigation.HeaderNavigationTest" name="jobSearch" time="1.706"/>
  <testcase classname="com.imejob.tests.navigation.HeaderNavigationTest" name="aboutUs" time="0.178"/>
  <testcase classname="com.imejob.tests.navigation.HeaderNavigationTest" name="contactUs" time="0.703"/>
  <testcase classname="com.imejob.tests.navigation.HeaderNavigationTest" name="joinCommunity" time="0.648"/>
  <testcase classname="com.imejob.tests.navigation.HeaderNavigationTest" name="blogs" time="1.628"/>
  <testcase classname="com.imejob.tests.navigation.HeaderNavigationTest" name="pricing" time="0.163"/>
  <testcase classname="com.imejob.tests.navigation.HeaderNavigationTest" name="jobSeeker" time="0.895"/>
  <testcase classname="com.imejob.tests.navigation.HeaderNavigationTest" name="employer" time="0.699"/>
  <testcase classname="com.imejob.tests.navigation.HomePageNavigationTest" name="CreateAccountNavTest" time="0.64"/>
  <testcase classname="com.imejob.tests.navigation.HomePageNavigationTest" name="clickWhatsAppIconTest" time="2.362"/>
  <testcase classname="com.imejob.tests.navigation.HomePageNavigationTest" name="ViewAllJobNavTest" time="1.195"/>
  <testcase classname="com.imejob.tests.navigation.HomePageNavigationTest" name="bookDemoNavTest" time="0.136"/>
  <testcase classname="com.imejob.tests.functional.SearchTest" name="verifyJobsBySkillAndLocation" time="1.053"/>
  <testcase classname="com.imejob.tests.functional.SearchTest" name="verifyJobsBySkillOnly" time="1.155"/>
  <testcase classname="com.imejob.tests.functional.SearchTest" name="verifySearchByLocationWithoutSkillShowsValidationMessage" time="0.387"/>
  <testcase classname="com.imejob.tests.functional.SearchTest" name="verifyEmptySearchShowsValidationMessage" time="0.134"/>
  <testcase classname="com.imejob.tests.functional.SearchTest" name="verifyMultipleSkillsSearch" time="1.197"/>
  <testcase classname="com.imejob.tests.functional.SearchTest" name="verifyInvalidSkillAndLocationShowsNoJobs" time="30.95">
    <failure type="java.lang.AssertionError" message="Invalid skill and location should show &amp;apos;No jobs found&amp;apos; expected [No jobs found] but found [&amp;apos;No jobs found&amp;apos; message not displayed]">
      <![CDATA[java.lang.AssertionError: Invalid skill and location should show 'No jobs found' expected [No jobs found] but found ['No jobs found' message not displayed]
at com.imejob.tests.functional.SearchTest.verifyInvalidSkillAndLocationShowsNoJobs(SearchTest.java:141)
at java.base/java.util.ArrayList.forEach(ArrayList.java:1596)
... Removed 30 stack frames]]>
    </failure>
  </testcase> <!-- verifyInvalidSkillAndLocationShowsNoJobs -->
  <testcase classname="com.imejob.tests.functional.SearchTest" name="verifyCaseInsensitiveSearch" time="1.018"/>
  <testcase classname="com.imejob.tests.functional.SearchTest" name="verifySearchWithSpecialCharactersAndWhitespace" time="1.51"/>
  <testcase classname="com.imejob.tests.functional.BookDemoTest" name="clickBookDemoButtonTest" time="0.135"/>
  <testcase classname="com.imejob.tests.functional.BookDemoTest" name="fillContactFormTest" time="3.075"/>
  <testcase classname="com.imejob.tests.functional.JobSeekerAuthTest" name="navigateToCreateAccountTest" time="0.8"/>
  <testcase classname="com.imejob.tests.functional.JobSeekerAuthTest" name="createAccountTest" time="4.017"/>
  <testcase classname="com.imejob.tests.functional.EmployerAuthTest" name="verifyNavigateToCreateAccount" time="1.521"/>
  <testcase classname="com.imejob.tests.functional.EmployerAuthTest" name="verifyNavigateToSignIn" time="1.709"/>
  <testcase classname="com.imejob.tests.functional.EmployerAuthTest" name="verifyNavigateToForgotPassword" time="1.338"/>
  <testcase classname="com.imejob.tests.functional.EmployerAuthTest" name="verifyNavigateToLogin" time="1.51"/>
  <testcase classname="com.imejob.tests.functional.HomePageJobCardsTest" name="verifyDefaultJobCardsCount" time="0.016"/>
  <testcase classname="com.imejob.tests.functional.HomePageJobCardsTest" name="verifyDefaultJobCardTextIsNotEmpty" time="0.262"/>
  <testcase classname="com.imejob.tests.functional.HomePageJobCardsTest" name="testClickFirstCard" time="0.682"/>
  <testcase classname="com.imejob.tests.functional.HomePageJobCardsTest" name="testClickLastCard" time="0.677"/>
  <testcase classname="com.imejob.tests.functional.HomePageJobCardsTest" name="verifyFirstAndLastJobCardContainsRequiredFields" time="0.089"/>
  <testcase classname="com.imejob.tests.functional.HomePageJobCardsTest" name="testLoginButtonRedirectsToLoginPage" time="1.01"/>
  <testcase classname="com.imejob.tests.functional.HomePageJobCardsTest" name="applyJob" time="2.629"/>
</testsuite> <!-- Test -->
