<?xml version="1.0" encoding="UTF-8"?>
<testng-results ignored="0" total="4" passed="4" failed="0" skipped="0">
  <reporter-output>
  </reporter-output>
  <suite started-at="2025-09-09T16:05:58 IST" name="Default suite" finished-at="2025-09-09T16:06:19 IST" duration-ms="21326">
    <groups>
    </groups>
    <test started-at="2025-09-09T16:05:58 IST" name="Default test" finished-at="2025-09-09T16:06:19 IST" duration-ms="21326">
      <class name="com.imejob.tests.functional.EmployerAuthTest">
        <test-method is-config="true" signature="setUp()[pri:0, instance:com.imejob.tests.functional.EmployerAuthTest@175c2241]" started-at="2025-09-09T16:05:58 IST" name="setUp" finished-at="2025-09-09T16:06:03 IST" duration-ms="4368" status="PASS">
          <reporter-output>
          </reporter-output>
        </test-method> <!-- setUp -->
        <test-method signature="verifyNavigateToCreateAccount()[pri:1, instance:com.imejob.tests.functional.EmployerAuthTest@175c2241]" started-at="2025-09-09T16:06:03 IST" name="verifyNavigateToCreateAccount" finished-at="2025-09-09T16:06:04 IST" duration-ms="1463" status="PASS">
          <reporter-output>
          </reporter-output>
        </test-method> <!-- verifyNavigateToCreateAccount -->
        <test-method is-config="true" signature="tearDown()[pri:0, instance:com.imejob.tests.functional.EmployerAuthTest@175c2241]" started-at="2025-09-09T16:06:04 IST" name="tearDown" finished-at="2025-09-09T16:06:04 IST" duration-ms="403" status="PASS">
          <reporter-output>
          </reporter-output>
        </test-method> <!-- tearDown -->
        <test-method is-config="true" signature="setUp()[pri:0, instance:com.imejob.tests.functional.EmployerAuthTest@175c2241]" started-at="2025-09-09T16:06:04 IST" name="setUp" finished-at="2025-09-09T16:06:06 IST" duration-ms="1272" status="PASS">
          <reporter-output>
          </reporter-output>
        </test-method> <!-- setUp -->
        <test-method signature="verifyNavigateToSignIn()[pri:2, instance:com.imejob.tests.functional.EmployerAuthTest@175c2241]" started-at="2025-09-09T16:06:06 IST" name="verifyNavigateToSignIn" finished-at="2025-09-09T16:06:09 IST" duration-ms="3787" status="PASS">
          <reporter-output>
          </reporter-output>
        </test-method> <!-- verifyNavigateToSignIn -->
        <test-method is-config="true" signature="tearDown()[pri:0, instance:com.imejob.tests.functional.EmployerAuthTest@175c2241]" started-at="2025-09-09T16:06:09 IST" name="tearDown" finished-at="2025-09-09T16:06:10 IST" duration-ms="342" status="PASS">
          <reporter-output>
          </reporter-output>
        </test-method> <!-- tearDown -->
        <test-method is-config="true" signature="setUp()[pri:0, instance:com.imejob.tests.functional.EmployerAuthTest@175c2241]" started-at="2025-09-09T16:06:10 IST" name="setUp" finished-at="2025-09-09T16:06:13 IST" duration-ms="2943" status="PASS">
          <reporter-output>
          </reporter-output>
        </test-method> <!-- setUp -->
        <test-method signature="verifyNavigateToForgotPassword()[pri:3, instance:com.imejob.tests.functional.EmployerAuthTest@175c2241]" started-at="2025-09-09T16:06:13 IST" name="verifyNavigateToForgotPassword" finished-at="2025-09-09T16:06:14 IST" duration-ms="1546" status="PASS">
          <reporter-output>
          </reporter-output>
        </test-method> <!-- verifyNavigateToForgotPassword -->
        <test-method is-config="true" signature="tearDown()[pri:0, instance:com.imejob.tests.functional.EmployerAuthTest@175c2241]" started-at="2025-09-09T16:06:14 IST" name="tearDown" finished-at="2025-09-09T16:06:15 IST" duration-ms="286" status="PASS">
          <reporter-output>
          </reporter-output>
        </test-method> <!-- tearDown -->
        <test-method is-config="true" signature="setUp()[pri:0, instance:com.imejob.tests.functional.EmployerAuthTest@175c2241]" started-at="2025-09-09T16:06:15 IST" name="setUp" finished-at="2025-09-09T16:06:16 IST" duration-ms="1292" status="PASS">
          <reporter-output>
          </reporter-output>
        </test-method> <!-- setUp -->
        <test-method signature="verifyNavigateToLogin()[pri:4, instance:com.imejob.tests.functional.EmployerAuthTest@175c2241]" started-at="2025-09-09T16:06:16 IST" name="verifyNavigateToLogin" finished-at="2025-09-09T16:06:19 IST" duration-ms="3247" status="PASS">
          <reporter-output>
          </reporter-output>
        </test-method> <!-- verifyNavigateToLogin -->
        <test-method is-config="true" signature="tearDown()[pri:0, instance:com.imejob.tests.functional.EmployerAuthTest@175c2241]" started-at="2025-09-09T16:06:19 IST" name="tearDown" finished-at="2025-09-09T16:06:19 IST" duration-ms="313" status="PASS">
          <reporter-output>
          </reporter-output>
        </test-method> <!-- tearDown -->
      </class> <!-- com.imejob.tests.functional.EmployerAuthTest -->
    </test> <!-- Default test -->
  </suite> <!-- Default suite -->
</testng-results>
