<?xml version="1.0" encoding="UTF-8"?>
<testng-results ignored="1" total="2" passed="1" failed="0" skipped="0">
  <reporter-output>
  </reporter-output>
  <suite started-at="2025-10-09T16:22:30 IST" name="Default suite" finished-at="2025-10-09T16:22:54 IST" duration-ms="24156">
    <groups>
    </groups>
    <test started-at="2025-10-09T16:22:30 IST" name="Default test" finished-at="2025-10-09T16:22:54 IST" duration-ms="24156">
      <class name="com.imejob.tests.functional.JobSeekerDocumentTest">
        <test-method is-config="true" signature="setup()[pri:0, instance:com.imejob.tests.functional.JobSeekerDocumentTest@22555ebf]" started-at="2025-10-09T16:22:30 IST" name="setup" finished-at="2025-10-09T16:22:38 IST" duration-ms="8711" status="PASS">
          <reporter-output>
          </reporter-output>
        </test-method> <!-- setup -->
        <test-method signature="testUploadDocumentWithoutSelectingCategory(java.lang.String,java.lang.String)[pri:1, instance:com.imejob.tests.functional.JobSeekerDocumentTest@22555ebf]" started-at="2025-10-09T16:22:38 IST" name="testUploadDocumentWithoutSelectingCategory" data-provider="documentData" finished-at="2025-10-09T16:22:54 IST" duration-ms="15171" status="PASS">
          <params>
            <param index="0">
              <value>
                <![CDATA[10th Passing Certificate]]>
              </value>
            </param>
            <param index="1">
              <value>
                <![CDATA[D:\eclipse\ImeJob_Automation_Suite\Documents\sumair_marksheet.pdf]]>
              </value>
            </param>
          </params>
          <reporter-output>
          </reporter-output>
        </test-method> <!-- testUploadDocumentWithoutSelectingCategory -->
        <test-method is-config="true" signature="tearDown()[pri:0, instance:com.imejob.tests.functional.JobSeekerDocumentTest@22555ebf]" started-at="2025-10-09T16:22:54 IST" name="tearDown" finished-at="2025-10-09T16:22:54 IST" duration-ms="239" status="PASS">
          <reporter-output>
          </reporter-output>
        </test-method> <!-- tearDown -->
      </class> <!-- com.imejob.tests.functional.JobSeekerDocumentTest -->
    </test> <!-- Default test -->
  </suite> <!-- Default suite -->
</testng-results>
